◇ injecting env (6) from .env // tip: ◈ encrypted .env [www.dotenvx.com]
--- DB Config Check ---
DB_HOST: localhost
DB_USER: root
DB_NAME: productivity_gatekeeper
DB_PASS: ******** (Set)
-----------------------
🚀 Gatekeeper Server is running on http://localhost:3000
◇ injecting env (6) from .env // tip: ◈ encrypted .env [www.dotenvx.com]
--- DB Config Check ---
DB_HOST: localhost
DB_USER: root
DB_NAME: productivity_gatekeeper
DB_PASS: ******** (Set)
-----------------------
🚀 Gatekeeper Server is running on http://localhost:3000
◇ injecting env (6) from .env // tip: ◈ encrypted .env [www.dotenvx.com]
--- DB Config Check ---
DB_HOST: localhost
DB_USER: root
DB_NAME: productivity_gatekeeper
DB_PASS: ******** (Set)
-----------------------
🚀 Gatekeeper Server is running on http://localhost:3000
◇ injecting env (6) from .env // tip: ⌘ override existing { override: true }
--- DB Config Check ---
DB_HOST: localhost
DB_USER: root
DB_NAME: productivity_gatekeeper
DB_PASS: ******** (Set)
-----------------------
🚀 Gatekeeper Server is running on http://localhost:3000
--- 状態チェック開始 ---
[GitHub] ❌ 今日のPushEventがありません。（判定日: 2026-04-04）
[判定結果] 解禁フラグ: false
--- 状態チェック開始 ---
[GitHub] ✅ 今日のPushEventを 1 件確認しました！
[判定結果] 解禁フラグ: true
--- 状態チェック開始 ---
[GitHub] ✅ 今日のPushEventを 1 件確認しました！
[判定結果] 解禁フラグ: true
--- 状態チェック開始 ---
[GitHub] ✅ 今日のPushEventを 1 件確認しました！
[判定結果] 解禁フラグ: true
--- 状態チェック開始 ---
[GitHub] ✅ 今日のPushEventを 1 件確認しました！
[判定結果] 解禁フラグ: true
--- 状態チェック開始 ---
[GitHub] ✅ 今日のPushEventを 1 件確認しました！
[判定結果] 解禁フラグ: true
--- 状態チェック開始 ---
[GitHub] ✅ 今日のPushEventを 1 件確認しました！
[判定結果] 解禁フラグ: true
--- 状態チェック開始 ---
[GitHub] ✅ 今日のPushEventを 1 件確認しました！
[判定結果] 解禁フラグ: true
--- 状態チェック開始 ---
[GitHub] ✅ 今日のPushEventを 1 件確認しました！
[判定結果] 解禁フラグ: true
--- 状態チェック開始 ---
[GitHub] ❌ 今日のPushEventがありません。（判定日: 2026-04-05）
[判定結果] 解禁フラグ: false
--- 状態チェック開始 ---
[GitHub] ❌ 今日のPushEventがありません。（判定日: 2026-04-05）
[判定結果] 解禁フラグ: false
--- 状態チェック開始 ---
[GitHub] ❌ 今日のPushEventがありません。（判定日: 2026-04-05）
[判定結果] 解禁フラグ: false
--- 状態チェック開始 ---
[GitHub] ✅ 今日のPushEventを 1 件確認しました！
[判定結果] 解禁フラグ: true
--- 状態チェック開始 ---
[GitHub] ✅ 今日のPushEventを 1 件確認しました！
[判定結果] 解禁フラグ: true
--- 状態チェック開始 ---
[GitHub] ✅ 今日のPushEventを 1 件確認しました！
[判定結果] 解禁フラグ: true
--- 状態チェック開始 ---
[GitHub] ✅ 今日のPushEventを 1 件確認しました！
[判定結果] 解禁フラグ: true
--- 状態チェック開始 ---
[GitHub] ✅ 今日のPushEventを 1 件確認しました！
[判定結果] 解禁フラグ: true
--- 状態チェック開始 ---
[GitHub] ✅ 今日のPushEventを 1 件確認しました！
[判定結果] 解禁フラグ: true
--- 状態チェック開始 ---
[GitHub] ✅ 今日のPushEventを 1 件確認しました！
[判定結果] 解禁フラグ: true
--- 状態チェック開始 ---
[GitHub] ✅ 今日のPushEventを 1 件確認しました！
[判定結果] 解禁フラグ: true
--- 状態チェック開始 ---
[GitHub] ✅ 今日のPushEventを 1 件確認しました！
[判定結果] 解禁フラグ: true
--- 状態チェック開始 ---
[GitHub] ✅ 今日のPushEventを 1 件確認しました！
[判定結果] 解禁フラグ: true
--- 状態チェック開始 ---
[GitHub] ✅ 今日のPushEventを 1 件確認しました！
[判定結果] 解禁フラグ: true
--- 状態チェック開始 ---
[GitHub] ✅ 今日のPushEventを 1 件確認しました！
[判定結果] 解禁フラグ: true
--- 状態チェック開始 ---
[GitHub] ✅ 今日のPushEventを 1 件確認しました！
[判定結果] 解禁フラグ: true
--- 状態チェック開始 ---
[GitHub] ✅ 今日のPushEventを 1 件確認しました！
[判定結果] 解禁フラグ: true
--- 状態チェック開始 ---
[GitHub] ✅ 今日のPushEventを 1 件確認しました！
[判定結果] 解禁フラグ: true
--- 状態チェック開始 ---
[GitHub] ✅ 今日のPushEventを 1 件確認しました！
[判定結果] 解禁フラグ: true
--- 状態チェック開始 ---
[GitHub] ✅ 今日のPushEventを 1 件確認しました！
[判定結果] 解禁フラグ: true
--- 状態チェック開始 ---
[GitHub] ✅ 今日のPushEventを 1 件確認しました！
[判定結果] 解禁フラグ: true
--- 状態チェック開始 ---
[GitHub] ✅ 今日のPushEventを 1 件確認しました！
[判定結果] 解禁フラグ: true
--- 状態チェック開始 ---
[GitHub] ✅ 今日のPushEventを 1 件確認しました！
[判定結果] 解禁フラグ: true
--- 状態チェック開始 ---
[GitHub] ✅ 今日のPushEventを 1 件確認しました！
[判定結果] 解禁フラグ: true
--- 状態チェック開始 ---
[GitHub] ✅ 今日のPushEventを 1 件確認しました！
[判定結果] 解禁フラグ: true
--- 状態チェック開始 ---
[GitHub] ✅ 今日のPushEventを 1 件確認しました！
[判定結果] 解禁フラグ: true
--- 状態チェック開始 ---
[GitHub] ✅ 今日のPushEventを 1 件確認しました！
[判定結果] 解禁フラグ: true
--- 状態チェック開始 ---
[GitHub] ✅ 今日のPushEventを 1 件確認しました！
[判定結果] 解禁フラグ: true
--- 状態チェック開始 ---
[GitHub] ✅ 今日のPushEventを 1 件確認しました！
[判定結果] 解禁フラグ: true
--- 状態チェック開始 ---
[GitHub] ✅ 今日のPushEventを 1 件確認しました！
[判定結果] 解禁フラグ: true
--- 状態チェック開始 ---
[GitHub] ✅ 今日のPushEventを 3 件確認しました！
[判定結果] 解禁フラグ: true
--- 状態チェック開始 ---
[GitHub] ✅ 今日のPushEventを 3 件確認しました！
[判定結果] 解禁フラグ: true
--- 状態チェック開始 ---
[GitHub] ✅ 今日のPushEventを 3 件確認しました！
[判定結果] 解禁フラグ: true
--- 状態チェック開始 ---
[GitHub] ✅ 今日のPushEventを 3 件確認しました！
[判定結果] 解禁フラグ: true
--- 状態チェック開始 ---
[GitHub] ✅ 今日のPushEventを 3 件確認しました！
[判定結果] 解禁フラグ: true
--- 状態チェック開始 ---
[GitHub] ✅ 今日のPushEventを 3 件確認しました！
[判定結果] 解禁フラグ: true
--- 状態チェック開始 ---
[GitHub] ✅ 今日のPushEventを 4 件確認しました！
[判定結果] 解禁フラグ: true
--- 状態チェック開始 ---
[GitHub] ✅ 今日のPushEventを 4 件確認しました！
[判定結果] 解禁フラグ: true
--- 状態チェック開始 ---
[GitHub] ✅ 今日のPushEventを 4 件確認しました！
[判定結果] 解禁フラグ: true
--- 状態チェック開始 ---
[GitHub] ✅ 今日のPushEventを 4 件確認しました！
[判定結果] 解禁フラグ: true
--- 状態チェック開始 ---
[GitHub] ✅ 今日のPushEventを 4 件確認しました！
[判定結果] 解禁フラグ: true
--- 状態チェック開始 ---
[GitHub] ✅ 今日のPushEventを 6 件確認しました！
[判定結果] 解禁フラグ: true
--- 状態チェック開始 ---
[GitHub] ✅ 今日のPushEventを 13 件確認しました！
[判定結果] 解禁フラグ: true
--- 状態チェック開始 ---
[GitHub] ✅ 今日のPushEventを 13 件確認しました！
[判定結果] 解禁フラグ: true
--- 状態チェック開始 ---
[GitHub] ✅ 今日のPushEventを 13 件確認しました！
[判定結果] 解禁フラグ: true
--- 状態チェック開始 ---
[GitHub] ✅ 今日のPushEventを 13 件確認しました！
[判定結果] 解禁フラグ: true
--- 状態チェック開始 ---
[GitHub] ✅ 今日のPushEventを 13 件確認しました！
[判定結果] 解禁フラグ: true
--- 状態チェック開始 ---
[GitHub] ✅ 今日のPushEventを 13 件確認しました！
[判定結果] 解禁フラグ: true
--- 状態チェック開始 ---
[GitHub] ✅ 今日のPushEventを 13 件確認しました！
[判定結果] 解禁フラグ: true
--- 状態チェック開始 ---
[GitHub] ✅ 今日のPushEventを 13 件確認しました！
[判定結果] 解禁フラグ: true
--- 状態チェック開始 ---
[GitHub] ✅ 今日のPushEventを 13 件確認しました！
[判定結果] 解禁フラグ: true
--- 状態チェック開始 ---
[GitHub] ✅ 今日のPushEventを 13 件確認しました！
[判定結果] 解禁フラグ: true
--- 状態チェック開始 ---
[GitHub] ✅ 今日のPushEventを 13 件確認しました！
[判定結果] 解禁フラグ: true
--- 状態チェック開始 ---
[GitHub] ✅ 今日のPushEventを 13 件確認しました！
[判定結果] 解禁フラグ: true
--- 状態チェック開始 ---
[GitHub] ✅ 今日のPushEventを 13 件確認しました！
[判定結果] 解禁フラグ: true
--- 状態チェック開始 ---
[GitHub] ✅ 今日のPushEventを 13 件確認しました！
[判定結果] 解禁フラグ: true
--- 状態チェック開始 ---
[GitHub] ✅ 今日のPushEventを 13 件確認しました！
[判定結果] 解禁フラグ: true
--- 状態チェック開始 ---
[GitHub] ✅ 今日のPushEventを 13 件確認しました！
[判定結果] 解禁フラグ: true
--- 状態チェック開始 ---
[GitHub] ✅ 今日のPushEventを 13 件確認しました！
[判定結果] 解禁フラグ: true
--- 状態チェック開始 ---
[GitHub] ✅ 今日のPushEventを 13 件確認しました！
[判定結果] 解禁フラグ: true
--- 状態チェック開始 ---
[GitHub] ✅ 今日のPushEventを 13 件確認しました！
[判定結果] 解禁フラグ: true
--- 状態チェック開始 ---
[GitHub] ❌ 今日のPushEventがありません。（判定日: 2026-04-07）
[判定結果] 解禁フラグ: false
--- 状態チェック開始 ---
[GitHub] ✅ 今日のPushEventを 5 件確認しました！
[判定結果] 解禁フラグ: true
--- 状態チェック開始 ---
[GitHub] ✅ 今日のPushEventを 5 件確認しました！
[判定結果] 解禁フラグ: true
--- 状態チェック開始 ---
[GitHub] ✅ 今日のPushEventを 5 件確認しました！
[判定結果] 解禁フラグ: true
--- 状態チェック開始 ---
[GitHub] ✅ 今日のPushEventを 5 件確認しました！
[判定結果] 解禁フラグ: true
--- 状態チェック開始 ---
[GitHub] ✅ 今日のPushEventを 5 件確認しました！
[判定結果] 解禁フラグ: true
--- 状態チェック開始 ---
[GitHub] ✅ 今日のPushEventを 5 件確認しました！
[判定結果] 解禁フラグ: true
--- 状態チェック開始 ---
[GitHub] ✅ 今日のPushEventを 5 件確認しました！
[判定結果] 解禁フラグ: true
--- 状態チェック開始 ---
[GitHub] ✅ 今日のPushEventを 5 件確認しました！
[判定結果] 解禁フラグ: true
--- 状態チェック開始 ---
[GitHub] ✅ 今日のPushEventを 5 件確認しました！
[判定結果] 解禁フラグ: true
--- 状態チェック開始 ---
[GitHub] ❌ 今日のPushEventがありません。（判定日: 2026-04-08）
[判定結果] 解禁フラグ: false
--- 状態チェック開始 ---
[GitHub] ✅ 今日のPushEventを 7 件確認しました！
[判定結果] 解禁フラグ: true
--- 状態チェック開始 ---
[GitHub] ✅ 今日のPushEventを 7 件確認しました！
[判定結果] 解禁フラグ: true
--- 状態チェック開始 ---
[GitHub] ✅ 今日のPushEventを 7 件確認しました！
[判定結果] 解禁フラグ: true
--- 状態チェック開始 ---
[GitHub] ✅ 今日のPushEventを 7 件確認しました！
[判定結果] 解禁フラグ: true
--- 状態チェック開始 ---
[GitHub] ✅ 今日のPushEventを 7 件確認しました！
[判定結果] 解禁フラグ: true
--- 状態チェック開始 ---
[GitHub] ✅ 今日のPushEventを 7 件確認しました！
[判定結果] 解禁フラグ: true
--- 状態チェック開始 ---
[GitHub] ✅ 今日のPushEventを 7 件確認しました！
[判定結果] 解禁フラグ: true
--- 状態チェック開始 ---
[GitHub] ✅ 今日のPushEventを 7 件確認しました！
[判定結果] 解禁フラグ: true
--- 状態チェック開始 ---
[GitHub] ✅ 今日のPushEventを 7 件確認しました！
[判定結果] 解禁フラグ: true
--- 状態チェック開始 ---
[GitHub] ✅ 今日のPushEventを 7 件確認しました！
[判定結果] 解禁フラグ: true
--- 状態チェック開始 ---
[GitHub] ✅ 今日のPushEventを 7 件確認しました！
[判定結果] 解禁フラグ: true
--- 状態チェック開始 ---
[GitHub] ✅ 今日のPushEventを 7 件確認しました！
[判定結果] 解禁フラグ: true
--- 状態チェック開始 ---
[GitHub] ✅ 今日のPushEventを 7 件確認しました！
[判定結果] 解禁フラグ: true
--- 状態チェック開始 ---
[GitHub] ✅ 今日のPushEventを 7 件確認しました！
[判定結果] 解禁フラグ: true
--- 状態チェック開始 ---
[GitHub] ✅ 今日のPushEventを 7 件確認しました！
[判定結果] 解禁フラグ: true
--- 状態チェック開始 ---
[GitHub] ✅ 今日のPushEventを 7 件確認しました！
[判定結果] 解禁フラグ: true
--- 状態チェック開始 ---
[GitHub] ✅ 今日のPushEventを 7 件確認しました！
[判定結果] 解禁フラグ: true
--- 状態チェック開始 ---
[GitHub] ✅ 今日のPushEventを 7 件確認しました！
[判定結果] 解禁フラグ: true
--- 状態チェック開始 ---
[GitHub] ✅ 今日のPushEventを 7 件確認しました！
[判定結果] 解禁フラグ: true
--- 状態チェック開始 ---
[GitHub] ✅ 今日のPushEventを 7 件確認しました！
[判定結果] 解禁フラグ: true
--- 状態チェック開始 ---
[GitHub] ✅ 今日のPushEventを 7 件確認しました！
[判定結果] 解禁フラグ: true
--- 状態チェック開始 ---
[GitHub] ✅ 今日のPushEventを 7 件確認しました！
[判定結果] 解禁フラグ: true
--- 状態チェック開始 ---
[GitHub] ✅ 今日のPushEventを 7 件確認しました！
[判定結果] 解禁フラグ: true
--- 状態チェック開始 ---
[GitHub] ✅ 今日のPushEventを 7 件確認しました！
[判定結果] 解禁フラグ: true
--- 状態チェック開始 ---
[GitHub] ✅ 今日のPushEventを 7 件確認しました！
[判定結果] 解禁フラグ: true
--- 状態チェック開始 ---
[GitHub] ✅ 今日のPushEventを 7 件確認しました！
[判定結果] 解禁フラグ: true
--- 状態チェック開始 ---
[GitHub] ✅ 今日のPushEventを 7 件確認しました！
[判定結果] 解禁フラグ: true
--- 状態チェック開始 ---
[GitHub] ✅ 今日のPushEventを 7 件確認しました！
[判定結果] 解禁フラグ: true
--- 状態チェック開始 ---
[GitHub] ✅ 今日のPushEventを 7 件確認しました！
[判定結果] 解禁フラグ: true
--- 状態チェック開始 ---
[GitHub] ✅ 今日のPushEventを 7 件確認しました！
[判定結果] 解禁フラグ: true
--- 状態チェック開始 ---
[GitHub] ✅ 今日のPushEventを 7 件確認しました！
[判定結果] 解禁フラグ: true
--- 状態チェック開始 ---
[GitHub] ✅ 今日のPushEventを 7 件確認しました！
[判定結果] 解禁フラグ: true
--- 状態チェック開始 ---
[GitHub] ✅ 今日のPushEventを 7 件確認しました！
[判定結果] 解禁フラグ: true
--- 状態チェック開始 ---
[GitHub] ✅ 今日のPushEventを 7 件確認しました！
[判定結果] 解禁フラグ: true
--- 状態チェック開始 ---
[GitHub] ✅ 今日のPushEventを 7 件確認しました！
[判定結果] 解禁フラグ: true
--- 状態チェック開始 ---
[GitHub] ✅ 今日のPushEventを 7 件確認しました！
[判定結果] 解禁フラグ: true
--- 状態チェック開始 ---
[GitHub] ✅ 今日のPushEventを 7 件確認しました！
[判定結果] 解禁フラグ: true
--- 状態チェック開始 ---
[GitHub] ✅ 今日のPushEventを 8 件確認しました！
[判定結果] 解禁フラグ: true
--- 状態チェック開始 ---
[GitHub] ✅ 今日のPushEventを 8 件確認しました！
[判定結果] 解禁フラグ: true
--- 状態チェック開始 ---
[GitHub] ✅ 今日のPushEventを 8 件確認しました！
[判定結果] 解禁フラグ: true
--- 状態チェック開始 ---
[GitHub] ✅ 今日のPushEventを 8 件確認しました！
[判定結果] 解禁フラグ: true
--- 状態チェック開始 ---
[GitHub] ✅ 今日のPushEventを 5 件確認しました！
[判定結果] 解禁フラグ: true
--- 状態チェック開始 ---
[GitHub] ✅ 今日のPushEventを 6 件確認しました！
[判定結果] 解禁フラグ: true
--- 状態チェック開始 ---
[GitHub] ✅ 今日のPushEventを 6 件確認しました！
[判定結果] 解禁フラグ: true
--- 状態チェック開始 ---
[GitHub] ✅ 今日のPushEventを 6 件確認しました！
[判定結果] 解禁フラグ: true
--- 状態チェック開始 ---
[GitHub] ✅ 今日のPushEventを 6 件確認しました！
[判定結果] 解禁フラグ: true
--- 状態チェック開始 ---
[GitHub] ✅ 今日のPushEventを 6 件確認しました！
[判定結果] 解禁フラグ: true
--- 状態チェック開始 ---
[GitHub] ✅ 今日のPushEventを 6 件確認しました！
[判定結果] 解禁フラグ: true
--- 状態チェック開始 ---
[GitHub] ✅ 今日のPushEventを 6 件確認しました！
[判定結果] 解禁フラグ: true
--- 状態チェック開始 ---
[GitHub] ❌ 今日のPushEventがありません。（判定日: 2026-04-11）
[判定結果] 解禁フラグ: false
--- 状態チェック開始 ---
[GitHub] ✅ 今日のPushEventを 1 件確認しました！
[判定結果] 解禁フラグ: true
--- 状態チェック開始 ---
[GitHub] ✅ 今日のPushEventを 1 件確認しました！
[判定結果] 解禁フラグ: true
--- 状態チェック開始 ---
[GitHub] ✅ 今日のPushEventを 1 件確認しました！
[判定結果] 解禁フラグ: true
--- 状態チェック開始 ---
[GitHub] ✅ 今日のPushEventを 1 件確認しました！
[判定結果] 解禁フラグ: true
--- 状態チェック開始 ---
[GitHub] ✅ 今日のPushEventを 1 件確認しました！
[判定結果] 解禁フラグ: true
--- 状態チェック開始 ---
[GitHub] ✅ 今日のPushEventを 1 件確認しました！
[判定結果] 解禁フラグ: true
--- 状態チェック開始 ---
[GitHub] ✅ 今日のPushEventを 1 件確認しました！
[判定結果] 解禁フラグ: true
--- 状態チェック開始 ---
[GitHub] ✅ 今日のPushEventを 1 件確認しました！
[判定結果] 解禁フラグ: true
--- 状態チェック開始 ---
[GitHub] ✅ 今日のPushEventを 1 件確認しました！
[判定結果] 解禁フラグ: true
--- 状態チェック開始 ---
[GitHub] ✅ 今日のPushEventを 1 件確認しました！
[判定結果] 解禁フラグ: true
--- 状態チェック開始 ---
[GitHub] ✅ 今日のPushEventを 1 件確認しました！
[判定結果] 解禁フラグ: true
--- 状態チェック開始 ---
[GitHub] ✅ 今日のPushEventを 1 件確認しました！
[判定結果] 解禁フラグ: true
--- 状態チェック開始 ---
[GitHub] ✅ 今日のPushEventを 1 件確認しました！
[判定結果] 解禁フラグ: true
--- 状態チェック開始 ---
[GitHub] ✅ 今日のPushEventを 1 件確認しました！
[判定結果] 解禁フラグ: true
--- 状態チェック開始 ---
[GitHub] ✅ 今日のPushEventを 1 件確認しました！
[判定結果] 解禁フラグ: true
--- 状態チェック開始 ---
[GitHub] ✅ 今日のPushEventを 1 件確認しました！
[判定結果] 解禁フラグ: true
--- 状態チェック開始 ---
[GitHub] ✅ 今日のPushEventを 1 件確認しました！
[判定結果] 解禁フラグ: true
--- 状態チェック開始 ---
[GitHub] ✅ 今日のPushEventを 1 件確認しました！
[判定結果] 解禁フラグ: true
--- 状態チェック開始 ---
[GitHub] ✅ 今日のPushEventを 1 件確認しました！
[判定結果] 解禁フラグ: true
--- 状態チェック開始 ---
[GitHub] ✅ 今日のPushEventを 1 件確認しました！
[判定結果] 解禁フラグ: true
--- 状態チェック開始 ---
[GitHub] ✅ 今日のPushEventを 1 件確認しました！
[判定結果] 解禁フラグ: true
--- 状態チェック開始 ---
[GitHub] ✅ 今日のPushEventを 1 件確認しました！
[判定結果] 解禁フラグ: true
--- 状態チェック開始 ---
[GitHub] ✅ 今日のPushEventを 1 件確認しました！
[判定結果] 解禁フラグ: true
--- 状態チェック開始 ---
[GitHub] ✅ 今日のPushEventを 1 件確認しました！
[判定結果] 解禁フラグ: true
--- 状態チェック開始 ---
[GitHub] ✅ 今日のPushEventを 1 件確認しました！
[判定結果] 解禁フラグ: true
--- 状態チェック開始 ---
[GitHub] ✅ 今日のPushEventを 1 件確認しました！
[判定結果] 解禁フラグ: true
--- 状態チェック開始 ---
[GitHub] ✅ 今日のPushEventを 1 件確認しました！
[判定結果] 解禁フラグ: true
--- 状態チェック開始 ---
[GitHub] ✅ 今日のPushEventを 1 件確認しました！
[判定結果] 解禁フラグ: true
--- 状態チェック開始 ---
[GitHub] ✅ 今日のPushEventを 1 件確認しました！
[判定結果] 解禁フラグ: true
--- 状態チェック開始 ---
[GitHub] ✅ 今日のPushEventを 1 件確認しました！
[判定結果] 解禁フラグ: true
--- 状態チェック開始 ---
[GitHub] ✅ 今日のPushEventを 1 件確認しました！
[判定結果] 解禁フラグ: true
--- 状態チェック開始 ---
[GitHub] ✅ 今日のPushEventを 1 件確認しました！
[判定結果] 解禁フラグ: true
--- 状態チェック開始 ---
[GitHub] ✅ 今日のPushEventを 1 件確認しました！
[判定結果] 解禁フラグ: true
--- 状態チェック開始 ---
[GitHub] ✅ 今日のPushEventを 1 件確認しました！
[判定結果] 解禁フラグ: true
--- 状態チェック開始 ---
[GitHub] ✅ 今日のPushEventを 1 件確認しました！
[判定結果] 解禁フラグ: true
--- 状態チェック開始 ---
[GitHub] ✅ 今日のPushEventを 1 件確認しました！
[判定結果] 解禁フラグ: true
--- 状態チェック開始 ---
[GitHub] ✅ 今日のPushEventを 1 件確認しました！
[判定結果] 解禁フラグ: true
--- 状態チェック開始 ---
[GitHub] ✅ 今日のPushEventを 1 件確認しました！
[判定結果] 解禁フラグ: true
--- 状態チェック開始 ---
[GitHub] ✅ 今日のPushEventを 1 件確認しました！
[判定結果] 解禁フラグ: true
--- 状態チェック開始 ---
[GitHub] ✅ 今日のPushEventを 1 件確認しました！
[判定結果] 解禁フラグ: true
--- 状態チェック開始 ---
[GitHub] ✅ 今日のPushEventを 1 件確認しました！
[判定結果] 解禁フラグ: true
--- 状態チェック開始 ---
[GitHub] ❌ 今日のPushEventがありません。（判定日: 2026-04-12）
[判定結果] 解禁フラグ: false
--- 状態チェック開始 ---
[GitHub] ✅ 今日のPushEventを 1 件確認しました！
[判定結果] 解禁フラグ: true
--- 状態チェック開始 ---
[GitHub] ✅ 今日のPushEventを 1 件確認しました！
[判定結果] 解禁フラグ: true
--- 状態チェック開始 ---
[GitHub] ✅ 今日のPushEventを 1 件確認しました！
[判定結果] 解禁フラグ: true
--- 状態チェック開始 ---
[GitHub] ✅ 今日のPushEventを 1 件確認しました！
[判定結果] 解禁フラグ: true
--- 状態チェック開始 ---
[GitHub] ✅ 今日のPushEventを 1 件確認しました！
[判定結果] 解禁フラグ: true
--- 状態チェック開始 ---
[GitHub] ✅ 今日のPushEventを 1 件確認しました！
[判定結果] 解禁フラグ: true
--- 状態チェック開始 ---
[GitHub] ✅ 今日のPushEventを 1 件確認しました！
[判定結果] 解禁フラグ: true
--- 状態チェック開始 ---
[GitHub] ✅ 今日のPushEventを 1 件確認しました！
[判定結果] 解禁フラグ: true
--- 状態チェック開始 ---
[GitHub] ✅ 今日のPushEventを 1 件確認しました！
[判定結果] 解禁フラグ: true
--- 状態チェック開始 ---
[GitHub] ❌ 今日のPushEventがありません。（判定日: 2026-04-13）
[判定結果] 解禁フラグ: false
--- 状態チェック開始 ---
[GitHub] ✅ 今日のPushEventを 1 件確認しました！
[判定結果] 解禁フラグ: true
--- 状態チェック開始 ---
[GitHub] ✅ 今日のPushEventを 1 件確認しました！
[判定結果] 解禁フラグ: true
--- 状態チェック開始 ---
[GitHub] ✅ 今日のPushEventを 1 件確認しました！
[判定結果] 解禁フラグ: true
--- 状態チェック開始 ---
[GitHub] ✅ 今日のPushEventを 3 件確認しました！
[判定結果] 解禁フラグ: true
--- 状態チェック開始 ---
[GitHub] ✅ 今日のPushEventを 3 件確認しました！
[判定結果] 解禁フラグ: true
--- 状態チェック開始 ---
[GitHub] ✅ 今日のPushEventを 3 件確認しました！
[判定結果] 解禁フラグ: true
--- 状態チェック開始 ---
[GitHub] ✅ 今日のPushEventを 3 件確認しました！
[判定結果] 解禁フラグ: true
--- 状態チェック開始 ---
[GitHub] ✅ 今日のPushEventを 3 件確認しました！
[判定結果] 解禁フラグ: true
--- 状態チェック開始 ---
[GitHub] ✅ 今日のPushEventを 3 件確認しました！
[判定結果] 解禁フラグ: true
--- 状態チェック開始 ---
[GitHub] ✅ 今日のPushEventを 3 件確認しました！
[判定結果] 解禁フラグ: true
--- 状態チェック開始 ---
[GitHub] ❌ 今日のPushEventがありません。（判定日: 2026-04-15）
[判定結果] 解禁フラグ: false
--- 状態チェック開始 ---
[GitHub] ✅ 今日のPushEventを 1 件確認しました！
[判定結果] 解禁フラグ: true
--- 状態チェック開始 ---
[GitHub] ✅ 今日のPushEventを 1 件確認しました！
[判定結果] 解禁フラグ: true
--- 状態チェック開始 ---
[GitHub] ✅ 今日のPushEventを 1 件確認しました！
[判定結果] 解禁フラグ: true
--- 状態チェック開始 ---
[GitHub] ✅ 今日のPushEventを 1 件確認しました！
[判定結果] 解禁フラグ: true
--- 状態チェック開始 ---
[GitHub] ✅ 今日のPushEventを 1 件確認しました！
[判定結果] 解禁フラグ: true
--- 状態チェック開始 ---
[GitHub] ✅ 今日のPushEventを 1 件確認しました！
[判定結果] 解禁フラグ: true
--- 状態チェック開始 ---
[GitHub] ✅ 今日のPushEventを 1 件確認しました！
[判定結果] 解禁フラグ: true
--- 状態チェック開始 ---
[GitHub] ✅ 今日のPushEventを 1 件確認しました！
[判定結果] 解禁フラグ: true
--- 状態チェック開始 ---
[GitHub] ✅ 今日のPushEventを 1 件確認しました！
[判定結果] 解禁フラグ: true
--- 状態チェック開始 ---
[GitHub] ✅ 今日のPushEventを 1 件確認しました！
[判定結果] 解禁フラグ: true
--- 状態チェック開始 ---
[GitHub] ✅ 今日のPushEventを 1 件確認しました！
[判定結果] 解禁フラグ: true
--- 状態チェック開始 ---
[GitHub] ✅ 今日のPushEventを 1 件確認しました！
[判定結果] 解禁フラグ: true
--- 状態チェック開始 ---
[GitHub] ✅ 今日のPushEventを 1 件確認しました！
[判定結果] 解禁フラグ: true
--- 状態チェック開始 ---
[GitHub] ✅ 今日のPushEventを 1 件確認しました！
[判定結果] 解禁フラグ: true
--- 状態チェック開始 ---
[GitHub] ✅ 今日のPushEventを 1 件確認しました！
[判定結果] 解禁フラグ: true
◇ injecting env (6) from .env // tip: ◈ secrets for agents [www.dotenvx.com]
--- DB Config Check ---
DB_HOST: localhost
DB_USER: root
DB_NAME: productivity_gatekeeper
DB_PASS: ******** (Set)
-----------------------
🚀 Gatekeeper Server is running on http://localhost:3000
◇ injecting env (6) from .env // tip: ⌁ auth for agents [www.vestauth.com]
--- DB Config Check ---
DB_HOST: localhost
DB_USER: root
DB_NAME: productivity_gatekeeper
DB_PASS: ******** (Set)
-----------------------
🚀 Gatekeeper Server is running on http://localhost:3000
◇ injecting env (6) from .env // tip: ⌘ custom filepath { path: '/custom/path/.env' }
--- DB Config Check ---
DB_HOST: localhost
DB_USER: root
DB_NAME: productivity_gatekeeper
DB_PASS: ******** (Set)
-----------------------
🚀 Gatekeeper Server is running on http://localhost:3000
--- Amazon Prime 制限チェック開始 ---
[GitHub] ❌ 今日のPushEventがありません。（判定日: 2026-04-16）
--- Amazon Prime 制限チェック開始 ---
[GitHub] ✅ 今日のPushEventを 1 件確認しました！
--- Amazon Prime 制限チェック開始 ---
[GitHub] ✅ 今日のPushEventを 1 件確認しました！
--- Amazon Prime 制限チェック開始 ---
[GitHub] ✅ 今日のPushEventを 1 件確認しました！
--- Amazon Prime 制限チェック開始 ---
[GitHub] ✅ 今日のPushEventを 1 件確認しました！
--- Amazon Prime 制限チェック開始 ---
[GitHub] ✅ 今日のPushEventを 1 件確認しました！
--- Amazon Prime 制限チェック開始 ---
[GitHub] ✅ 今日のPushEventを 1 件確認しました！
--- Amazon Prime 制限チェック開始 ---
[GitHub] ✅ 今日のPushEventを 1 件確認しました！
--- Amazon Prime 制限チェック開始 ---
[GitHub] ✅ 今日のPushEventを 2 件確認しました！
--- Amazon Prime 制限チェック開始 ---
[GitHub] ✅ 今日のPushEventを 2 件確認しました！
--- Amazon Prime 制限チェック開始 ---
[GitHub] ✅ 今日のPushEventを 2 件確認しました！
--- Amazon Prime 制限チェック開始 ---
[GitHub] ✅ 今日のPushEventを 2 件確認しました！
--- Amazon Prime 制限チェック開始 ---
[GitHub] ✅ 今日のPushEventを 2 件確認しました！
--- Amazon Prime 制限チェック開始 ---
[GitHub] ✅ 今日のPushEventを 2 件確認しました！
--- Amazon Prime 制限チェック開始 ---
[GitHub] ✅ 今日のPushEventを 2 件確認しました！
--- Amazon Prime 制限チェック開始 ---
[GitHub] ✅ 今日のPushEventを 2 件確認しました！
--- Amazon Prime 制限チェック開始 ---
[GitHub] ✅ 今日のPushEventを 2 件確認しました！
--- Amazon Prime 制限チェック開始 ---
[GitHub] ✅ 今日のPushEventを 2 件確認しました！
