[Qiita] API Error (404): トークン設定を見直してください。
[Qiita] API Error (404): トークン設定を見直してください。
[Qiita] API Error (404): トークン設定を見直してください。
[Qiita] API Error (404): トークン設定を見直してください。
[Qiita] API Error (404): トークン設定を見直してください。
[Qiita] API Error (404): トークン設定を見直してください。
[Qiita] API Error (404): トークン設定を見直してください。
[Qiita] API Error (404): トークン設定を見直してください。
[Qiita] API Error (404): トークン設定を見直してください。
[Qiita] API Error (404): トークン設定を見直してください。
[Qiita] API Error (404): トークン設定を見直してください。
[Qiita] API Error (404): トークン設定を見直してください。
[Qiita] API Error (404): トークン設定を見直してください。
[Qiita] API Error (404): トークン設定を見直してください。
[Qiita] API Error (404): トークン設定を見直してください。
[Qiita] API Error (404): トークン設定を見直してください。
[Qiita] API Error (404): トークン設定を見直してください。
[Qiita] API Error (404): トークン設定を見直してください。
[Qiita] API Error (404): トークン設定を見直してください。
[Qiita] API Error (404): トークン設定を見直してください。
[Qiita] API Error (404): トークン設定を見直してください。
[Qiita] API Error (404): トークン設定を見直してください。
[Qiita] API Error (404): トークン設定を見直してください。
[Qiita] API Error (404): トークン設定を見直してください。
[Qiita] API Error (404): トークン設定を見直してください。
[Qiita] API Error (404): トークン設定を見直してください。
[Qiita] API Error (404): トークン設定を見直してください。
[Qiita] API Error (404): トークン設定を見直してください。
[Qiita] API Error (404): トークン設定を見直してください。
[Qiita] API Error (404): トークン設定を見直してください。
[Qiita] API Error (404): トークン設定を見直してください。
[Qiita] API Error (404): トークン設定を見直してください。
[Qiita] API Error (404): トークン設定を見直してください。
[Qiita] API Error (404): トークン設定を見直してください。
[Qiita] API Error (404): トークン設定を見直してください。
[Qiita] API Error (404): トークン設定を見直してください。
[Qiita] API Error (404): トークン設定を見直してください。
[Qiita] API Error (404): トークン設定を見直してください。
[Qiita] API Error (404): トークン設定を見直してください。
[Qiita] API Error (404): トークン設定を見直してください。
[Qiita] API Error (404): トークン設定を見直してください。
[Qiita] API Error (404): トークン設定を見直してください。
[Qiita] API Error (404): トークン設定を見直してください。
[Qiita] API Error (404): トークン設定を見直してください。
[Qiita] API Error (404): トークン設定を見直してください。
[Qiita] API Error (404): トークン設定を見直してください。
[Qiita] API Error (404): トークン設定を見直してください。
[Qiita] API Error (404): トークン設定を見直してください。
[Qiita] API Error (404): トークン設定を見直してください。
[Qiita] API Error (404): トークン設定を見直してください。
[Qiita] API Error (404): トークン設定を見直してください。
[Qiita] API Error (404): トークン設定を見直してください。
[Qiita] API Error (404): トークン設定を見直してください。
[Qiita] API Error (404): トークン設定を見直してください。
[Qiita] API Error (404): トークン設定を見直してください。
[Qiita] API Error (404): トークン設定を見直してください。
[Qiita] API Error (404): トークン設定を見直してください。
[Qiita] API Error (404): トークン設定を見直してください。
[Qiita] API Error (404): トークン設定を見直してください。
[Qiita] API Error (404): トークン設定を見直してください。
[Qiita] API Error (404): トークン設定を見直してください。
[Qiita] API Error (404): トークン設定を見直してください。
[Qiita] API Error (404): トークン設定を見直してください。
[Qiita] API Error (404): トークン設定を見直してください。
[Qiita] API Error (404): トークン設定を見直してください。
[Qiita] API Error (404): トークン設定を見直してください。
[Qiita] API Error (404): トークン設定を見直してください。
[Qiita] API Error (404): トークン設定を見直してください。
[Qiita] API Error (404): トークン設定を見直してください。
[Qiita] API Error (404): トークン設定を見直してください。
[Qiita] API Error (404): トークン設定を見直してください。
[Qiita] API Error (404): トークン設定を見直してください。
[Qiita] API Error (404): トークン設定を見直してください。
[Qiita] API Error (404): トークン設定を見直してください。
[Qiita] API Error (404): トークン設定を見直してください。
[Qiita] API Error (404): トークン設定を見直してください。
[Qiita] API Error (404): トークン設定を見直してください。
[Qiita] API Error (404): トークン設定を見直してください。
[Qiita] API Error (404): トークン設定を見直してください。
[Qiita] API Error (404): トークン設定を見直してください。
[Qiita] API Error (404): トークン設定を見直してください。
[Qiita] API Error (404): トークン設定を見直してください。
[Qiita] API Error (404): トークン設定を見直してください。
[Qiita] API Error (404): トークン設定を見直してください。
[Qiita] API Error (404): トークン設定を見直してください。
[Qiita] API Error (404): トークン設定を見直してください。
[Qiita] API Error (404): トークン設定を見直してください。
[Qiita] API Error (404): トークン設定を見直してください。
[Qiita] API Error (404): トークン設定を見直してください。
[Qiita] API Error (404): トークン設定を見直してください。
[Qiita] API Error (404): トークン設定を見直してください。
[Qiita] API Error (404): トークン設定を見直してください。
[Qiita] API Error (404): トークン設定を見直してください。
[Qiita] API Error (404): トークン設定を見直してください。
[Qiita] API Error (404): トークン設定を見直してください。
[Qiita] API Error (404): トークン設定を見直してください。
[Qiita] API Error (404): トークン設定を見直してください。
[Qiita] API Error (404): トークン設定を見直してください。
[Qiita] API Error (404): トークン設定を見直してください。
[Qiita] API Error (404): トークン設定を見直してください。
[Qiita] API Error (404): トークン設定を見直してください。
[Qiita] API Error (404): トークン設定を見直してください。
[Qiita] API Error (404): トークン設定を見直してください。
[Qiita] API Error (404): トークン設定を見直してください。
[Qiita] API Error (404): トークン設定を見直してください。
[Qiita] API Error (404): トークン設定を見直してください。
[Qiita] API Error (404): トークン設定を見直してください。
[Qiita] API Error (404): トークン設定を見直してください。
[Qiita] API Error (404): トークン設定を見直してください。
[Qiita] API Error (404): トークン設定を見直してください。
[Qiita] API Error (404): トークン設定を見直してください。
[Qiita] API Error (404): トークン設定を見直してください。
[Qiita] API Error (404): トークン設定を見直してください。
[Qiita] API Error (404): トークン設定を見直してください。
[Qiita] API Error (404): トークン設定を見直してください。
[Qiita] API Error (404): トークン設定を見直してください。
[Qiita] API Error (404): トークン設定を見直してください。
[Qiita] API Error (404): トークン設定を見直してください。
[Qiita] API Error (404): トークン設定を見直してください。
[Qiita] API Error (404): トークン設定を見直してください。
[Qiita] API Error (404): トークン設定を見直してください。
[Qiita] API Error (404): トークン設定を見直してください。
[Qiita] API Error (404): トークン設定を見直してください。
[Qiita] API Error (404): トークン設定を見直してください。
[Qiita] API Error (404): トークン設定を見直してください。
[Qiita] API Error (404): トークン設定を見直してください。
[Qiita] API Error (404): トークン設定を見直してください。
[Qiita] API Error (404): トークン設定を見直してください。
[Qiita] API Error (404): トークン設定を見直してください。
[Qiita] API Error (404): トークン設定を見直してください。
[Qiita] API Error (404): トークン設定を見直してください。
[Qiita] API Error (404): トークン設定を見直してください。
[Qiita] API Error (404): トークン設定を見直してください。
[Qiita] API Error (404): トークン設定を見直してください。
[Qiita] API Error (404): トークン設定を見直してください。
[Qiita] API Error (404): トークン設定を見直してください。
[Qiita] API Error (404): トークン設定を見直してください。
[Qiita] API Error (404): トークン設定を見直してください。
[Qiita] API Error (404): トークン設定を見直してください。
[Qiita] API Error (404): トークン設定を見直してください。
[Qiita] API Error (404): トークン設定を見直してください。
[Qiita] API Error (404): トークン設定を見直してください。
[Qiita] API Error (404): トークン設定を見直してください。
[Qiita] API Error (404): トークン設定を見直してください。
[Qiita] API Error (404): トークン設定を見直してください。
[Qiita] API Error (404): トークン設定を見直してください。
[Qiita] API Error (404): トークン設定を見直してください。
[Qiita] API Error (404): トークン設定を見直してください。
[Qiita] API Error (404): トークン設定を見直してください。
[Qiita] API Error (404): トークン設定を見直してください。
[Qiita] API Error (404): トークン設定を見直してください。
[Qiita] API Error (404): トークン設定を見直してください。
[Qiita] API Error (404): トークン設定を見直してください。
[Qiita] API Error (404): トークン設定を見直してください。
[Qiita] API Error (404): トークン設定を見直してください。
[Qiita] API Error (404): トークン設定を見直してください。
[Qiita] API Error (404): トークン設定を見直してください。
[Qiita] API Error (404): トークン設定を見直してください。
[Qiita] API Error (404): トークン設定を見直してください。
[Qiita] API Error (404): トークン設定を見直してください。
[Qiita] API Error (404): トークン設定を見直してください。
[Qiita] API Error (404): トークン設定を見直してください。
[Qiita] API Error (404): トークン設定を見直してください。
[Qiita] API Error (404): トークン設定を見直してください。
[Qiita] API Error (404): トークン設定を見直してください。
[Qiita] API Error (404): トークン設定を見直してください。
[Qiita] API Error (404): トークン設定を見直してください。
[Qiita] API Error (404): トークン設定を見直してください。
[Qiita] API Error (404): トークン設定を見直してください。
[Qiita] API Error (404): トークン設定を見直してください。
[Qiita] API Error (404): トークン設定を見直してください。
[Qiita] API Error (404): トークン設定を見直してください。
[Qiita] API Error (404): トークン設定を見直してください。
[Qiita] API Error (404): トークン設定を見直してください。
[Qiita] API Error (404): トークン設定を見直してください。
[Qiita] API Error (404): トークン設定を見直してください。
[Qiita] API Error (404): トークン設定を見直してください。
[Qiita] API Error (404): トークン設定を見直してください。
[Qiita] API Error (404): トークン設定を見直してください。
[Qiita] API Error (404): トークン設定を見直してください。
[Qiita] API Error (404): トークン設定を見直してください。
[Qiita] API Error (404): トークン設定を見直してください。
[Qiita] API Error (404): トークン設定を見直してください。
[Qiita] API Error (404): トークン設定を見直してください。
[Qiita] API Error (404): トークン設定を見直してください。
[Qiita] API Error (404): トークン設定を見直してください。
[Qiita] API Error (404): トークン設定を見直してください。
[Qiita] API Error (404): トークン設定を見直してください。
[Qiita] API Error (404): トークン設定を見直してください。
[Qiita] API Error (404): トークン設定を見直してください。
[Qiita] API Error (404): トークン設定を見直してください。
[Qiita] API Error (404): トークン設定を見直してください。
[Qiita] API Error (404): トークン設定を見直してください。
[Qiita] API Error (404): トークン設定を見直してください。
[Qiita] API Error (404): トークン設定を見直してください。
[Qiita] API Error (404): トークン設定を見直してください。
[Qiita] API Error (404): トークン設定を見直してください。
[Qiita] API Error (404): トークン設定を見直してください。
[Qiita] API Error (404): トークン設定を見直してください。
[Qiita] API Error (404): トークン設定を見直してください。
[Qiita] API Error (404): トークン設定を見直してください。
[Qiita] API Error (404): トークン設定を見直してください。
[Qiita] API Error (404): トークン設定を見直してください。
[Qiita] API Error (404): トークン設定を見直してください。
[Qiita] API Error (404): トークン設定を見直してください。
[Qiita] API Error (404): トークン設定を見直してください。
[Qiita] API Error (404): トークン設定を見直してください。
[Qiita] API Error (404): トークン設定を見直してください。
[Qiita] API Error (404): トークン設定を見直してください。
[Qiita] API Error (404): トークン設定を見直してください。
DB Error: Error: The value specified for generated column 'is_unlocked' in table 'achievement_status' is not allowed.
    at PromiseConnection.execute (C:\dev\my-gatekeeper\node_modules\mysql2\lib\promise\connection.js:47:22)
    at C:\dev\my-gatekeeper\prime-video-gatekeeper\server.js:127:26
    at process.processTicksAndRejections (node:internal/process/task_queues:104:5) {
  code: 'ER_NON_DEFAULT_VALUE_FOR_GENERATED_COLUMN',
  errno: 3105,
  sql: 'INSERT INTO achievement_status (target_date, github_committed, qiita_updated, is_unlocked) \n' +
    '             VALUES (?, ?, ?, ?) \n' +
    '             ON DUPLICATE KEY UPDATE \n' +
    '                github_committed = ?, \n' +
    '                qiita_updated = ?, \n' +
    '                is_unlocked = ?',
  sqlState: 'HY000',
  sqlMessage: "The value specified for generated column 'is_unlocked' in table 'achievement_status' is not allowed."
}
[Qiita] API Error (404): トークン設定を見直してください。
DB Error: Error: The value specified for generated column 'is_unlocked' in table 'achievement_status' is not allowed.
    at PromiseConnection.execute (C:\dev\my-gatekeeper\node_modules\mysql2\lib\promise\connection.js:47:22)
    at C:\dev\my-gatekeeper\prime-video-gatekeeper\server.js:127:26
    at process.processTicksAndRejections (node:internal/process/task_queues:104:5) {
  code: 'ER_NON_DEFAULT_VALUE_FOR_GENERATED_COLUMN',
  errno: 3105,
  sql: 'INSERT INTO achievement_status (target_date, github_committed, qiita_updated, is_unlocked) \n' +
    '             VALUES (?, ?, ?, ?) \n' +
    '             ON DUPLICATE KEY UPDATE \n' +
    '                github_committed = ?, \n' +
    '                qiita_updated = ?, \n' +
    '                is_unlocked = ?',
  sqlState: 'HY000',
  sqlMessage: "The value specified for generated column 'is_unlocked' in table 'achievement_status' is not allowed."
}
[Qiita] API Error (404): トークン設定を見直してください。
DB Error: Error: The value specified for generated column 'is_unlocked' in table 'achievement_status' is not allowed.
    at PromiseConnection.execute (C:\dev\my-gatekeeper\node_modules\mysql2\lib\promise\connection.js:47:22)
    at C:\dev\my-gatekeeper\prime-video-gatekeeper\server.js:127:26
    at process.processTicksAndRejections (node:internal/process/task_queues:104:5) {
  code: 'ER_NON_DEFAULT_VALUE_FOR_GENERATED_COLUMN',
  errno: 3105,
  sql: 'INSERT INTO achievement_status (target_date, github_committed, qiita_updated, is_unlocked) \n' +
    '             VALUES (?, ?, ?, ?) \n' +
    '             ON DUPLICATE KEY UPDATE \n' +
    '                github_committed = ?, \n' +
    '                qiita_updated = ?, \n' +
    '                is_unlocked = ?',
  sqlState: 'HY000',
  sqlMessage: "The value specified for generated column 'is_unlocked' in table 'achievement_status' is not allowed."
}
[Qiita] API Error (404): トークン設定を見直してください。
DB Error: Error: The value specified for generated column 'is_unlocked' in table 'achievement_status' is not allowed.
    at PromiseConnection.execute (C:\dev\my-gatekeeper\node_modules\mysql2\lib\promise\connection.js:47:22)
    at C:\dev\my-gatekeeper\prime-video-gatekeeper\server.js:127:26
    at process.processTicksAndRejections (node:internal/process/task_queues:104:5) {
  code: 'ER_NON_DEFAULT_VALUE_FOR_GENERATED_COLUMN',
  errno: 3105,
  sql: 'INSERT INTO achievement_status (target_date, github_committed, qiita_updated, is_unlocked) \n' +
    '             VALUES (?, ?, ?, ?) \n' +
    '             ON DUPLICATE KEY UPDATE \n' +
    '                github_committed = ?, \n' +
    '                qiita_updated = ?, \n' +
    '                is_unlocked = ?',
  sqlState: 'HY000',
  sqlMessage: "The value specified for generated column 'is_unlocked' in table 'achievement_status' is not allowed."
}
[Qiita] API Error (404): トークン設定を見直してください。
DB Error: Error: The value specified for generated column 'is_unlocked' in table 'achievement_status' is not allowed.
    at PromiseConnection.execute (C:\dev\my-gatekeeper\node_modules\mysql2\lib\promise\connection.js:47:22)
    at C:\dev\my-gatekeeper\prime-video-gatekeeper\server.js:127:26
    at process.processTicksAndRejections (node:internal/process/task_queues:104:5) {
  code: 'ER_NON_DEFAULT_VALUE_FOR_GENERATED_COLUMN',
  errno: 3105,
  sql: 'INSERT INTO achievement_status (target_date, github_committed, qiita_updated, is_unlocked) \n' +
    '             VALUES (?, ?, ?, ?) \n' +
    '             ON DUPLICATE KEY UPDATE \n' +
    '                github_committed = ?, \n' +
    '                qiita_updated = ?, \n' +
    '                is_unlocked = ?',
  sqlState: 'HY000',
  sqlMessage: "The value specified for generated column 'is_unlocked' in table 'achievement_status' is not allowed."
}
[Qiita] API Error (404): トークン設定を見直してください。
DB Error: Error: The value specified for generated column 'is_unlocked' in table 'achievement_status' is not allowed.
    at PromiseConnection.execute (C:\dev\my-gatekeeper\node_modules\mysql2\lib\promise\connection.js:47:22)
    at C:\dev\my-gatekeeper\prime-video-gatekeeper\server.js:127:26
    at process.processTicksAndRejections (node:internal/process/task_queues:104:5) {
  code: 'ER_NON_DEFAULT_VALUE_FOR_GENERATED_COLUMN',
  errno: 3105,
  sql: 'INSERT INTO achievement_status (target_date, github_committed, qiita_updated, is_unlocked) \n' +
    '             VALUES (?, ?, ?, ?) \n' +
    '             ON DUPLICATE KEY UPDATE \n' +
    '                github_committed = ?, \n' +
    '                qiita_updated = ?, \n' +
    '                is_unlocked = ?',
  sqlState: 'HY000',
  sqlMessage: "The value specified for generated column 'is_unlocked' in table 'achievement_status' is not allowed."
}
[Qiita] API Error (404): トークン設定を見直してください。
DB Error: Error: The value specified for generated column 'is_unlocked' in table 'achievement_status' is not allowed.
    at PromiseConnection.execute (C:\dev\my-gatekeeper\node_modules\mysql2\lib\promise\connection.js:47:22)
    at C:\dev\my-gatekeeper\prime-video-gatekeeper\server.js:127:26
    at process.processTicksAndRejections (node:internal/process/task_queues:104:5) {
  code: 'ER_NON_DEFAULT_VALUE_FOR_GENERATED_COLUMN',
  errno: 3105,
  sql: 'INSERT INTO achievement_status (target_date, github_committed, qiita_updated, is_unlocked) \n' +
    '             VALUES (?, ?, ?, ?) \n' +
    '             ON DUPLICATE KEY UPDATE \n' +
    '                github_committed = ?, \n' +
    '                qiita_updated = ?, \n' +
    '                is_unlocked = ?',
  sqlState: 'HY000',
  sqlMessage: "The value specified for generated column 'is_unlocked' in table 'achievement_status' is not allowed."
}
[Qiita] API Error (404): トークン設定を見直してください。
DB Error: Error: The value specified for generated column 'is_unlocked' in table 'achievement_status' is not allowed.
    at PromiseConnection.execute (C:\dev\my-gatekeeper\node_modules\mysql2\lib\promise\connection.js:47:22)
    at C:\dev\my-gatekeeper\prime-video-gatekeeper\server.js:127:26
    at process.processTicksAndRejections (node:internal/process/task_queues:104:5) {
  code: 'ER_NON_DEFAULT_VALUE_FOR_GENERATED_COLUMN',
  errno: 3105,
  sql: 'INSERT INTO achievement_status (target_date, github_committed, qiita_updated, is_unlocked) \n' +
    '             VALUES (?, ?, ?, ?) \n' +
    '             ON DUPLICATE KEY UPDATE \n' +
    '                github_committed = ?, \n' +
    '                qiita_updated = ?, \n' +
    '                is_unlocked = ?',
  sqlState: 'HY000',
  sqlMessage: "The value specified for generated column 'is_unlocked' in table 'achievement_status' is not allowed."
}
[Qiita] API Error (404): トークン設定を見直してください。
DB Error: Error: The value specified for generated column 'is_unlocked' in table 'achievement_status' is not allowed.
    at PromiseConnection.execute (C:\dev\my-gatekeeper\node_modules\mysql2\lib\promise\connection.js:47:22)
    at C:\dev\my-gatekeeper\prime-video-gatekeeper\server.js:127:26
    at process.processTicksAndRejections (node:internal/process/task_queues:104:5) {
  code: 'ER_NON_DEFAULT_VALUE_FOR_GENERATED_COLUMN',
  errno: 3105,
  sql: 'INSERT INTO achievement_status (target_date, github_committed, qiita_updated, is_unlocked) \n' +
    '             VALUES (?, ?, ?, ?) \n' +
    '             ON DUPLICATE KEY UPDATE \n' +
    '                github_committed = ?, \n' +
    '                qiita_updated = ?, \n' +
    '                is_unlocked = ?',
  sqlState: 'HY000',
  sqlMessage: "The value specified for generated column 'is_unlocked' in table 'achievement_status' is not allowed."
}
[Qiita] API Error (404): トークン設定を見直してください。
DB Error: Error: The value specified for generated column 'is_unlocked' in table 'achievement_status' is not allowed.
    at PromiseConnection.execute (C:\dev\my-gatekeeper\node_modules\mysql2\lib\promise\connection.js:47:22)
    at C:\dev\my-gatekeeper\prime-video-gatekeeper\server.js:127:26
    at process.processTicksAndRejections (node:internal/process/task_queues:104:5) {
  code: 'ER_NON_DEFAULT_VALUE_FOR_GENERATED_COLUMN',
  errno: 3105,
  sql: 'INSERT INTO achievement_status (target_date, github_committed, qiita_updated, is_unlocked) \n' +
    '             VALUES (?, ?, ?, ?) \n' +
    '             ON DUPLICATE KEY UPDATE \n' +
    '                github_committed = ?, \n' +
    '                qiita_updated = ?, \n' +
    '                is_unlocked = ?',
  sqlState: 'HY000',
  sqlMessage: "The value specified for generated column 'is_unlocked' in table 'achievement_status' is not allowed."
}
[Qiita] API Error (404): トークン設定を見直してください。
DB Error: Error: The value specified for generated column 'is_unlocked' in table 'achievement_status' is not allowed.
    at PromiseConnection.execute (C:\dev\my-gatekeeper\node_modules\mysql2\lib\promise\connection.js:47:22)
    at C:\dev\my-gatekeeper\prime-video-gatekeeper\server.js:127:26
    at process.processTicksAndRejections (node:internal/process/task_queues:104:5) {
  code: 'ER_NON_DEFAULT_VALUE_FOR_GENERATED_COLUMN',
  errno: 3105,
  sql: 'INSERT INTO achievement_status (target_date, github_committed, qiita_updated, is_unlocked) \n' +
    '             VALUES (?, ?, ?, ?) \n' +
    '             ON DUPLICATE KEY UPDATE \n' +
    '                github_committed = ?, \n' +
    '                qiita_updated = ?, \n' +
    '                is_unlocked = ?',
  sqlState: 'HY000',
  sqlMessage: "The value specified for generated column 'is_unlocked' in table 'achievement_status' is not allowed."
}
[Qiita] API Error (404): トークン設定を見直してください。
DB Error: Error: The value specified for generated column 'is_unlocked' in table 'achievement_status' is not allowed.
    at PromiseConnection.execute (C:\dev\my-gatekeeper\node_modules\mysql2\lib\promise\connection.js:47:22)
    at C:\dev\my-gatekeeper\prime-video-gatekeeper\server.js:127:26
    at process.processTicksAndRejections (node:internal/process/task_queues:104:5) {
  code: 'ER_NON_DEFAULT_VALUE_FOR_GENERATED_COLUMN',
  errno: 3105,
  sql: 'INSERT INTO achievement_status (target_date, github_committed, qiita_updated, is_unlocked) \n' +
    '             VALUES (?, ?, ?, ?) \n' +
    '             ON DUPLICATE KEY UPDATE \n' +
    '                github_committed = ?, \n' +
    '                qiita_updated = ?, \n' +
    '                is_unlocked = ?',
  sqlState: 'HY000',
  sqlMessage: "The value specified for generated column 'is_unlocked' in table 'achievement_status' is not allowed."
}
[Qiita] API Error (404): トークン設定を見直してください。
DB Error: Error: The value specified for generated column 'is_unlocked' in table 'achievement_status' is not allowed.
    at PromiseConnection.execute (C:\dev\my-gatekeeper\node_modules\mysql2\lib\promise\connection.js:47:22)
    at C:\dev\my-gatekeeper\prime-video-gatekeeper\server.js:127:26
    at process.processTicksAndRejections (node:internal/process/task_queues:104:5) {
  code: 'ER_NON_DEFAULT_VALUE_FOR_GENERATED_COLUMN',
  errno: 3105,
  sql: 'INSERT INTO achievement_status (target_date, github_committed, qiita_updated, is_unlocked) \n' +
    '             VALUES (?, ?, ?, ?) \n' +
    '             ON DUPLICATE KEY UPDATE \n' +
    '                github_committed = ?, \n' +
    '                qiita_updated = ?, \n' +
    '                is_unlocked = ?',
  sqlState: 'HY000',
  sqlMessage: "The value specified for generated column 'is_unlocked' in table 'achievement_status' is not allowed."
}
[Qiita] API Error (404): トークン設定を見直してください。
DB Error: Error: The value specified for generated column 'is_unlocked' in table 'achievement_status' is not allowed.
    at PromiseConnection.execute (C:\dev\my-gatekeeper\node_modules\mysql2\lib\promise\connection.js:47:22)
    at C:\dev\my-gatekeeper\prime-video-gatekeeper\server.js:127:26
    at process.processTicksAndRejections (node:internal/process/task_queues:104:5) {
  code: 'ER_NON_DEFAULT_VALUE_FOR_GENERATED_COLUMN',
  errno: 3105,
  sql: 'INSERT INTO achievement_status (target_date, github_committed, qiita_updated, is_unlocked) \n' +
    '             VALUES (?, ?, ?, ?) \n' +
    '             ON DUPLICATE KEY UPDATE \n' +
    '                github_committed = ?, \n' +
    '                qiita_updated = ?, \n' +
    '                is_unlocked = ?',
  sqlState: 'HY000',
  sqlMessage: "The value specified for generated column 'is_unlocked' in table 'achievement_status' is not allowed."
}
[Qiita] API Error (404): トークン設定を見直してください。
DB Error: Error: The value specified for generated column 'is_unlocked' in table 'achievement_status' is not allowed.
    at PromiseConnection.execute (C:\dev\my-gatekeeper\node_modules\mysql2\lib\promise\connection.js:47:22)
    at C:\dev\my-gatekeeper\prime-video-gatekeeper\server.js:127:26
    at process.processTicksAndRejections (node:internal/process/task_queues:104:5) {
  code: 'ER_NON_DEFAULT_VALUE_FOR_GENERATED_COLUMN',
  errno: 3105,
  sql: 'INSERT INTO achievement_status (target_date, github_committed, qiita_updated, is_unlocked) \n' +
    '             VALUES (?, ?, ?, ?) \n' +
    '             ON DUPLICATE KEY UPDATE \n' +
    '                github_committed = ?, \n' +
    '                qiita_updated = ?, \n' +
    '                is_unlocked = ?',
  sqlState: 'HY000',
  sqlMessage: "The value specified for generated column 'is_unlocked' in table 'achievement_status' is not allowed."
}
[Qiita] API Error (404): トークン設定を見直してください。
DB Error: Error: The value specified for generated column 'is_unlocked' in table 'achievement_status' is not allowed.
    at PromiseConnection.execute (C:\dev\my-gatekeeper\node_modules\mysql2\lib\promise\connection.js:47:22)
    at C:\dev\my-gatekeeper\prime-video-gatekeeper\server.js:127:26
    at process.processTicksAndRejections (node:internal/process/task_queues:104:5) {
  code: 'ER_NON_DEFAULT_VALUE_FOR_GENERATED_COLUMN',
  errno: 3105,
  sql: 'INSERT INTO achievement_status (target_date, github_committed, qiita_updated, is_unlocked) \n' +
    '             VALUES (?, ?, ?, ?) \n' +
    '             ON DUPLICATE KEY UPDATE \n' +
    '                github_committed = ?, \n' +
    '                qiita_updated = ?, \n' +
    '                is_unlocked = ?',
  sqlState: 'HY000',
  sqlMessage: "The value specified for generated column 'is_unlocked' in table 'achievement_status' is not allowed."
}
[Qiita] API Error (404): トークン設定を見直してください。
DB Error: Error: The value specified for generated column 'is_unlocked' in table 'achievement_status' is not allowed.
    at PromiseConnection.execute (C:\dev\my-gatekeeper\node_modules\mysql2\lib\promise\connection.js:47:22)
    at C:\dev\my-gatekeeper\prime-video-gatekeeper\server.js:127:26
    at process.processTicksAndRejections (node:internal/process/task_queues:104:5) {
  code: 'ER_NON_DEFAULT_VALUE_FOR_GENERATED_COLUMN',
  errno: 3105,
  sql: 'INSERT INTO achievement_status (target_date, github_committed, qiita_updated, is_unlocked) \n' +
    '             VALUES (?, ?, ?, ?) \n' +
    '             ON DUPLICATE KEY UPDATE \n' +
    '                github_committed = ?, \n' +
    '                qiita_updated = ?, \n' +
    '                is_unlocked = ?',
  sqlState: 'HY000',
  sqlMessage: "The value specified for generated column 'is_unlocked' in table 'achievement_status' is not allowed."
}
[Qiita] API Error (404): トークン設定を見直してください。
DB Error: Error: The value specified for generated column 'is_unlocked' in table 'achievement_status' is not allowed.
    at PromiseConnection.execute (C:\dev\my-gatekeeper\node_modules\mysql2\lib\promise\connection.js:47:22)
    at C:\dev\my-gatekeeper\prime-video-gatekeeper\server.js:127:26
    at process.processTicksAndRejections (node:internal/process/task_queues:104:5) {
  code: 'ER_NON_DEFAULT_VALUE_FOR_GENERATED_COLUMN',
  errno: 3105,
  sql: 'INSERT INTO achievement_status (target_date, github_committed, qiita_updated, is_unlocked) \n' +
    '             VALUES (?, ?, ?, ?) \n' +
    '             ON DUPLICATE KEY UPDATE \n' +
    '                github_committed = ?, \n' +
    '                qiita_updated = ?, \n' +
    '                is_unlocked = ?',
  sqlState: 'HY000',
  sqlMessage: "The value specified for generated column 'is_unlocked' in table 'achievement_status' is not allowed."
}
